<?xml version="1.0" encoding="UTF-8"?>
<!-- Generated by org.testng.reporters.JUnitReportReporter -->
<testsuite hostname="DESKTOP-H7B0A7V" name="com.TestNGFrameWork.Assignment4_NewToursLogin" tests="1" failures="0" timestamp="19 Jun 2020 10:21:46 GMT" time="19.905" errors="0">
  <testcase name="newToursLogin" time="19.905" classname="com.TestNGFrameWork.Assignment4_NewToursLogin"/>
</testsuite> <!-- com.TestNGFrameWork.Assignment4_NewToursLogin -->
